<?xml version="1.0" encoding="UTF-8"?>
<testng-results skipped="0" failed="3" ignored="0" total="10" passed="7">
  <reporter-output>
  </reporter-output>
  <suite name="CMS TESTS" duration-ms="275728" started-at="2020-11-30T02:15:55 CET" finished-at="2020-11-30T02:20:31 CET">
    <groups>
    </groups>
    <test name="Chrome regression test" duration-ms="275728" started-at="2020-11-30T02:15:55 CET" finished-at="2020-11-30T02:20:31 CET">
      <class name="tests.LoginTest">
        <test-method status="PASS" signature="beforeClass()[pri:0, instance:tests.LoginTest@a9cd3b1]" name="beforeClass" is-config="true" duration-ms="3728" started-at="2020-11-30T02:19:06 CET" finished-at="2020-11-30T02:19:09 CET">
          <reporter-output>
          </reporter-output>
        </test-method> <!-- beforeClass -->
        <test-method status="PASS" signature="LinksTest()[pri:0, instance:tests.LoginTest@a9cd3b1]" name="LinksTest" duration-ms="33419" started-at="2020-11-30T02:19:09 CET" description="Redirection links and buttons test" finished-at="2020-11-30T02:19:43 CET">
          <reporter-output>
          </reporter-output>
        </test-method> <!-- LinksTest -->
        <test-method status="PASS" signature="afterMethod(org.testng.ITestResult)[pri:0, instance:tests.LoginTest@a9cd3b1]" name="afterMethod" is-config="true" duration-ms="1768" started-at="2020-11-30T02:19:43 CET" finished-at="2020-11-30T02:19:45 CET">
          <params>
            <param index="0">
              <value>
                <![CDATA[[TestResult name=LinksTest status=SUCCESS method=LoginTest.LinksTest()[pri:0, instance:tests.LoginTest@a9cd3b1] output={null}]]]>
              </value>
            </param>
          </params>
          <reporter-output>
          </reporter-output>
        </test-method> <!-- afterMethod -->
        <test-method status="PASS" signature="EmptyFiledsLogin()[pri:1, instance:tests.LoginTest@a9cd3b1]" name="EmptyFiledsLogin" duration-ms="11998" started-at="2020-11-30T02:19:45 CET" description="Login with empty fields test" finished-at="2020-11-30T02:19:57 CET">
          <reporter-output>
          </reporter-output>
        </test-method> <!-- EmptyFiledsLogin -->
        <test-method status="PASS" signature="afterMethod(org.testng.ITestResult)[pri:0, instance:tests.LoginTest@a9cd3b1]" name="afterMethod" is-config="true" duration-ms="3047" started-at="2020-11-30T02:19:57 CET" finished-at="2020-11-30T02:20:00 CET">
          <params>
            <param index="0">
              <value>
                <![CDATA[[TestResult name=EmptyFiledsLogin status=SUCCESS method=LoginTest.EmptyFiledsLogin()[pri:1, instance:tests.LoginTest@a9cd3b1] output={null}]]]>
              </value>
            </param>
          </params>
          <reporter-output>
          </reporter-output>
        </test-method> <!-- afterMethod -->
        <test-method status="FAIL" signature="loginTest()[pri:2, instance:tests.LoginTest@a9cd3b1]" name="loginTest" duration-ms="23995" started-at="2020-11-30T02:20:00 CET" description="Invalid and valid test cases" finished-at="2020-11-30T02:20:24 CET">
          <exception class="org.openqa.selenium.StaleElementReferenceException">
            <message>
              <![CDATA[stale element reference: element is not attached to the page document
  (Session info: chrome=87.0.4280.66)
For documentation on this error, please visit: https://www.seleniumhq.org/exceptions/stale_element_reference.html
Build info: version: '3.141.59', revision: 'e82be7d358', time: '2018-11-14T08:25:48'
System info: host: 'DESKTOP-INGR77R', ip: '192.168.0.103', os.name: 'Windows 10', os.arch: 'amd64', os.version: '10.0', java.version: '1.8.0_261'
Driver info: org.openqa.selenium.chrome.ChromeDriver
Capabilities {acceptInsecureCerts: false, browserName: chrome, browserVersion: 87.0.4280.66, chrome: {chromedriverVersion: 87.0.4280.20 (c99e81631faa0..., userDataDir: C:\Users\jovan\AppData\Loca...}, goog:chromeOptions: {debuggerAddress: localhost:65133}, javascriptEnabled: true, networkConnectionEnabled: false, pageLoadStrategy: normal, platform: WINDOWS, platformName: WINDOWS, proxy: Proxy(), setWindowRect: true, strictFileInteractability: false, timeouts: {implicit: 0, pageLoad: 300000, script: 30000}, unhandledPromptBehavior: dismiss and notify, webauthn:virtualAuthenticators: true}
Session ID: 1217ab921cbbd16fbc9300db89e48f7a]]>
            </message>
            <full-stacktrace>
              <![CDATA[org.openqa.selenium.StaleElementReferenceException: stale element reference: element is not attached to the page document
  (Session info: chrome=87.0.4280.66)
For documentation on this error, please visit: https://www.seleniumhq.org/exceptions/stale_element_reference.html
Build info: version: '3.141.59', revision: 'e82be7d358', time: '2018-11-14T08:25:48'
System info: host: 'DESKTOP-INGR77R', ip: '192.168.0.103', os.name: 'Windows 10', os.arch: 'amd64', os.version: '10.0', java.version: '1.8.0_261'
Driver info: org.openqa.selenium.chrome.ChromeDriver
Capabilities {acceptInsecureCerts: false, browserName: chrome, browserVersion: 87.0.4280.66, chrome: {chromedriverVersion: 87.0.4280.20 (c99e81631faa0..., userDataDir: C:\Users\jovan\AppData\Loca...}, goog:chromeOptions: {debuggerAddress: localhost:65133}, javascriptEnabled: true, networkConnectionEnabled: false, pageLoadStrategy: normal, platform: WINDOWS, platformName: WINDOWS, proxy: Proxy(), setWindowRect: true, strictFileInteractability: false, timeouts: {implicit: 0, pageLoad: 300000, script: 30000}, unhandledPromptBehavior: dismiss and notify, webauthn:virtualAuthenticators: true}
Session ID: 1217ab921cbbd16fbc9300db89e48f7a
at sun.reflect.NativeConstructorAccessorImpl.newInstance0(Native Method)
at sun.reflect.NativeConstructorAccessorImpl.newInstance(Unknown Source)
at sun.reflect.DelegatingConstructorAccessorImpl.newInstance(Unknown Source)
at java.lang.reflect.Constructor.newInstance(Unknown Source)
at org.openqa.selenium.remote.http.W3CHttpResponseCodec.createException(W3CHttpResponseCodec.java:187)
at org.openqa.selenium.remote.http.W3CHttpResponseCodec.decode(W3CHttpResponseCodec.java:122)
at org.openqa.selenium.remote.http.W3CHttpResponseCodec.decode(W3CHttpResponseCodec.java:49)
at org.openqa.selenium.remote.HttpCommandExecutor.execute(HttpCommandExecutor.java:158)
at org.openqa.selenium.remote.service.DriverCommandExecutor.execute(DriverCommandExecutor.java:83)
at org.openqa.selenium.remote.RemoteWebDriver.execute(RemoteWebDriver.java:552)
at org.openqa.selenium.remote.RemoteWebElement.execute(RemoteWebElement.java:285)
at org.openqa.selenium.remote.RemoteWebElement.sendKeys(RemoteWebElement.java:106)
at pages.LoginPage.login(LoginPage.java:86)
at tests.LoginTest.loginTest(LoginTest.java:139)
at sun.reflect.NativeMethodAccessorImpl.invoke0(Native Method)
at sun.reflect.NativeMethodAccessorImpl.invoke(Unknown Source)
at sun.reflect.DelegatingMethodAccessorImpl.invoke(Unknown Source)
at java.lang.reflect.Method.invoke(Unknown Source)
at org.testng.internal.MethodInvocationHelper.invokeMethod(MethodInvocationHelper.java:132)
at org.testng.internal.TestInvoker.invokeMethod(TestInvoker.java:599)
at org.testng.internal.TestInvoker.invokeTestMethod(TestInvoker.java:174)
at org.testng.internal.MethodRunner.runInSequence(MethodRunner.java:46)
at org.testng.internal.TestInvoker$MethodInvocationAgent.invoke(TestInvoker.java:822)
at org.testng.internal.TestInvoker.invokeTestMethods(TestInvoker.java:147)
at org.testng.internal.TestMethodWorker.invokeTestMethods(TestMethodWorker.java:146)
at org.testng.internal.TestMethodWorker.run(TestMethodWorker.java:128)
at java.util.ArrayList.forEach(Unknown Source)
at org.testng.TestRunner.privateRun(TestRunner.java:764)
at org.testng.TestRunner.run(TestRunner.java:585)
at org.testng.SuiteRunner.runTest(SuiteRunner.java:384)
at org.testng.SuiteRunner.runSequentially(SuiteRunner.java:378)
at org.testng.SuiteRunner.privateRun(SuiteRunner.java:337)
at org.testng.SuiteRunner.run(SuiteRunner.java:286)
at org.testng.SuiteRunnerWorker.runSuite(SuiteRunnerWorker.java:53)
at org.testng.SuiteRunnerWorker.run(SuiteRunnerWorker.java:96)
at org.testng.TestNG.runSuitesSequentially(TestNG.java:1218)
at org.testng.TestNG.runSuitesLocally(TestNG.java:1140)
at org.testng.TestNG.runSuites(TestNG.java:1069)
at org.testng.TestNG.run(TestNG.java:1037)
at org.testng.remote.AbstractRemoteTestNG.run(AbstractRemoteTestNG.java:115)
at org.testng.remote.RemoteTestNG.initAndRun(RemoteTestNG.java:251)
at org.testng.remote.RemoteTestNG.main(RemoteTestNG.java:77)
]]>
            </full-stacktrace>
          </exception> <!-- org.openqa.selenium.StaleElementReferenceException -->
          <reporter-output>
          </reporter-output>
        </test-method> <!-- loginTest -->
        <test-method status="PASS" signature="afterMethod(org.testng.ITestResult)[pri:0, instance:tests.LoginTest@a9cd3b1]" name="afterMethod" is-config="true" duration-ms="5000" started-at="2020-11-30T02:20:24 CET" finished-at="2020-11-30T02:20:29 CET">
          <params>
            <param index="0">
              <value>
                <![CDATA[[TestResult name=loginTest status=FAILURE method=LoginTest.loginTest()[pri:2, instance:tests.LoginTest@a9cd3b1] output={null}]]]>
              </value>
            </param>
          </params>
          <reporter-output>
          </reporter-output>
        </test-method> <!-- afterMethod -->
        <test-method status="PASS" signature="afterClass()[pri:0, instance:tests.LoginTest@a9cd3b1]" name="afterClass" is-config="true" duration-ms="2465" started-at="2020-11-30T02:20:29 CET" finished-at="2020-11-30T02:20:31 CET">
          <reporter-output>
          </reporter-output>
        </test-method> <!-- afterClass -->
      </class> <!-- tests.LoginTest -->
      <class name="tests.RegistrationTest">
        <test-method status="PASS" signature="beforeClass()[pri:0, instance:tests.RegistrationTest@57c758ac]" name="beforeClass" is-config="true" duration-ms="4905" started-at="2020-11-30T02:15:55 CET" finished-at="2020-11-30T02:16:00 CET">
          <reporter-output>
          </reporter-output>
        </test-method> <!-- beforeClass -->
        <test-method status="PASS" signature="RegistrationCancelStepOne()[pri:0, instance:tests.RegistrationTest@57c758ac]" name="RegistrationCancelStepOne" duration-ms="31451" started-at="2020-11-30T02:16:00 CET" description="Cancel Registration at Step 1" finished-at="2020-11-30T02:16:32 CET">
          <reporter-output>
          </reporter-output>
        </test-method> <!-- RegistrationCancelStepOne -->
        <test-method status="PASS" signature="afterMethod(org.testng.ITestResult)[pri:0, instance:tests.RegistrationTest@57c758ac]" name="afterMethod" is-config="true" duration-ms="3440" started-at="2020-11-30T02:16:32 CET" finished-at="2020-11-30T02:16:35 CET">
          <params>
            <param index="0">
              <value>
                <![CDATA[[TestResult name=RegistrationCancelStepOne status=SUCCESS method=RegistrationTest.RegistrationCancelStepOne()[pri:0, instance:tests.RegistrationTest@57c758ac] output={null}]]]>
              </value>
            </param>
          </params>
          <reporter-output>
          </reporter-output>
        </test-method> <!-- afterMethod -->
        <test-method status="PASS" signature="RegistrationBackButton()[pri:1, instance:tests.RegistrationTest@57c758ac]" name="RegistrationBackButton" duration-ms="4390" started-at="2020-11-30T02:16:35 CET" description="Returns to previous step" finished-at="2020-11-30T02:16:40 CET">
          <reporter-output>
          </reporter-output>
        </test-method> <!-- RegistrationBackButton -->
        <test-method status="PASS" signature="afterMethod(org.testng.ITestResult)[pri:0, instance:tests.RegistrationTest@57c758ac]" name="afterMethod" is-config="true" duration-ms="1973" started-at="2020-11-30T02:16:40 CET" finished-at="2020-11-30T02:16:42 CET">
          <params>
            <param index="0">
              <value>
                <![CDATA[[TestResult name=RegistrationBackButton status=SUCCESS method=RegistrationTest.RegistrationBackButton()[pri:1, instance:tests.RegistrationTest@57c758ac] output={null}]]]>
              </value>
            </param>
          </params>
          <reporter-output>
          </reporter-output>
        </test-method> <!-- afterMethod -->
        <test-method status="PASS" signature="RegistrationCancelStepTwo()[pri:2, instance:tests.RegistrationTest@57c758ac]" name="RegistrationCancelStepTwo" duration-ms="9975" started-at="2020-11-30T02:16:42 CET" description="Cancels Registration at Step 2" finished-at="2020-11-30T02:16:52 CET">
          <reporter-output>
          </reporter-output>
        </test-method> <!-- RegistrationCancelStepTwo -->
        <test-method status="PASS" signature="afterMethod(org.testng.ITestResult)[pri:0, instance:tests.RegistrationTest@57c758ac]" name="afterMethod" is-config="true" duration-ms="3181" started-at="2020-11-30T02:16:52 CET" finished-at="2020-11-30T02:16:55 CET">
          <params>
            <param index="0">
              <value>
                <![CDATA[[TestResult name=RegistrationCancelStepTwo status=SUCCESS method=RegistrationTest.RegistrationCancelStepTwo()[pri:2, instance:tests.RegistrationTest@57c758ac] output={null}]]]>
              </value>
            </param>
          </params>
          <reporter-output>
          </reporter-output>
        </test-method> <!-- afterMethod -->
        <test-method status="PASS" signature="RegistrationTestStep1()[pri:3, instance:tests.RegistrationTest@57c758ac]" name="RegistrationTestStep1" duration-ms="9453" started-at="2020-11-30T02:16:55 CET" description="Completes Step 1" finished-at="2020-11-30T02:17:04 CET">
          <reporter-output>
          </reporter-output>
        </test-method> <!-- RegistrationTestStep1 -->
        <test-method status="PASS" signature="afterMethod(org.testng.ITestResult)[pri:0, instance:tests.RegistrationTest@57c758ac]" name="afterMethod" is-config="true" duration-ms="4145" started-at="2020-11-30T02:17:04 CET" finished-at="2020-11-30T02:17:08 CET">
          <params>
            <param index="0">
              <value>
                <![CDATA[[TestResult name=RegistrationTestStep1 status=SUCCESS method=RegistrationTest.RegistrationTestStep1()[pri:3, instance:tests.RegistrationTest@57c758ac] output={null}]]]>
              </value>
            </param>
          </params>
          <reporter-output>
          </reporter-output>
        </test-method> <!-- afterMethod -->
        <test-method status="FAIL" signature="RegistrationBookingForMyself()[pri:4, instance:tests.RegistrationTest@57c758ac]" name="RegistrationBookingForMyself" duration-ms="40586" started-at="2020-11-30T02:17:08 CET" description="Register Myself" finished-at="2020-11-30T02:17:49 CET">
          <exception class="org.openqa.selenium.NoSuchElementException">
            <message>
              <![CDATA[no such element: Unable to locate element: {"method":"xpath","selector":"//bnm-paper/h1"}
  (Session info: chrome=87.0.4280.66)
For documentation on this error, please visit: https://www.seleniumhq.org/exceptions/no_such_element.html
Build info: version: '3.141.59', revision: 'e82be7d358', time: '2018-11-14T08:25:48'
System info: host: 'DESKTOP-INGR77R', ip: '192.168.0.103', os.name: 'Windows 10', os.arch: 'amd64', os.version: '10.0', java.version: '1.8.0_261'
Driver info: org.openqa.selenium.chrome.ChromeDriver
Capabilities {acceptInsecureCerts: false, browserName: chrome, browserVersion: 87.0.4280.66, chrome: {chromedriverVersion: 87.0.4280.20 (c99e81631faa0..., userDataDir: C:\Users\jovan\AppData\Loca...}, goog:chromeOptions: {debuggerAddress: localhost:64815}, javascriptEnabled: true, networkConnectionEnabled: false, pageLoadStrategy: normal, platform: WINDOWS, platformName: WINDOWS, proxy: Proxy(), setWindowRect: true, strictFileInteractability: false, timeouts: {implicit: 0, pageLoad: 300000, script: 30000}, unhandledPromptBehavior: dismiss and notify, webauthn:virtualAuthenticators: true}
Session ID: a36f464129c46c7c8cdea3d630348cd7
*** Element info: {Using=xpath, value=//bnm-paper/h1}]]>
            </message>
            <full-stacktrace>
              <![CDATA[org.openqa.selenium.NoSuchElementException: no such element: Unable to locate element: {"method":"xpath","selector":"//bnm-paper/h1"}
  (Session info: chrome=87.0.4280.66)
For documentation on this error, please visit: https://www.seleniumhq.org/exceptions/no_such_element.html
Build info: version: '3.141.59', revision: 'e82be7d358', time: '2018-11-14T08:25:48'
System info: host: 'DESKTOP-INGR77R', ip: '192.168.0.103', os.name: 'Windows 10', os.arch: 'amd64', os.version: '10.0', java.version: '1.8.0_261'
Driver info: org.openqa.selenium.chrome.ChromeDriver
Capabilities {acceptInsecureCerts: false, browserName: chrome, browserVersion: 87.0.4280.66, chrome: {chromedriverVersion: 87.0.4280.20 (c99e81631faa0..., userDataDir: C:\Users\jovan\AppData\Loca...}, goog:chromeOptions: {debuggerAddress: localhost:64815}, javascriptEnabled: true, networkConnectionEnabled: false, pageLoadStrategy: normal, platform: WINDOWS, platformName: WINDOWS, proxy: Proxy(), setWindowRect: true, strictFileInteractability: false, timeouts: {implicit: 0, pageLoad: 300000, script: 30000}, unhandledPromptBehavior: dismiss and notify, webauthn:virtualAuthenticators: true}
Session ID: a36f464129c46c7c8cdea3d630348cd7
*** Element info: {Using=xpath, value=//bnm-paper/h1}
at sun.reflect.NativeConstructorAccessorImpl.newInstance0(Native Method)
at sun.reflect.NativeConstructorAccessorImpl.newInstance(Unknown Source)
at sun.reflect.DelegatingConstructorAccessorImpl.newInstance(Unknown Source)
at java.lang.reflect.Constructor.newInstance(Unknown Source)
at org.openqa.selenium.remote.http.W3CHttpResponseCodec.createException(W3CHttpResponseCodec.java:187)
at org.openqa.selenium.remote.http.W3CHttpResponseCodec.decode(W3CHttpResponseCodec.java:122)
at org.openqa.selenium.remote.http.W3CHttpResponseCodec.decode(W3CHttpResponseCodec.java:49)
at org.openqa.selenium.remote.HttpCommandExecutor.execute(HttpCommandExecutor.java:158)
at org.openqa.selenium.remote.service.DriverCommandExecutor.execute(DriverCommandExecutor.java:83)
at org.openqa.selenium.remote.RemoteWebDriver.execute(RemoteWebDriver.java:552)
at org.openqa.selenium.remote.RemoteWebDriver.findElement(RemoteWebDriver.java:323)
at org.openqa.selenium.remote.RemoteWebDriver.findElementByXPath(RemoteWebDriver.java:428)
at org.openqa.selenium.By$ByXPath.findElement(By.java:353)
at org.openqa.selenium.remote.RemoteWebDriver.findElement(RemoteWebDriver.java:315)
at pages.MessagesPage.getRegisterMessage(MessagesPage.java:27)
at tests.RegistrationTest.RegistrationBookingForMyself(RegistrationTest.java:114)
at sun.reflect.NativeMethodAccessorImpl.invoke0(Native Method)
at sun.reflect.NativeMethodAccessorImpl.invoke(Unknown Source)
at sun.reflect.DelegatingMethodAccessorImpl.invoke(Unknown Source)
at java.lang.reflect.Method.invoke(Unknown Source)
at org.testng.internal.MethodInvocationHelper.invokeMethod(MethodInvocationHelper.java:132)
at org.testng.internal.TestInvoker.invokeMethod(TestInvoker.java:599)
at org.testng.internal.TestInvoker.invokeTestMethod(TestInvoker.java:174)
at org.testng.internal.MethodRunner.runInSequence(MethodRunner.java:46)
at org.testng.internal.TestInvoker$MethodInvocationAgent.invoke(TestInvoker.java:822)
at org.testng.internal.TestInvoker.invokeTestMethods(TestInvoker.java:147)
at org.testng.internal.TestMethodWorker.invokeTestMethods(TestMethodWorker.java:146)
at org.testng.internal.TestMethodWorker.run(TestMethodWorker.java:128)
at java.util.ArrayList.forEach(Unknown Source)
at org.testng.TestRunner.privateRun(TestRunner.java:764)
at org.testng.TestRunner.run(TestRunner.java:585)
at org.testng.SuiteRunner.runTest(SuiteRunner.java:384)
at org.testng.SuiteRunner.runSequentially(SuiteRunner.java:378)
at org.testng.SuiteRunner.privateRun(SuiteRunner.java:337)
at org.testng.SuiteRunner.run(SuiteRunner.java:286)
at org.testng.SuiteRunnerWorker.runSuite(SuiteRunnerWorker.java:53)
at org.testng.SuiteRunnerWorker.run(SuiteRunnerWorker.java:96)
at org.testng.TestNG.runSuitesSequentially(TestNG.java:1218)
at org.testng.TestNG.runSuitesLocally(TestNG.java:1140)
at org.testng.TestNG.runSuites(TestNG.java:1069)
at org.testng.TestNG.run(TestNG.java:1037)
at org.testng.remote.AbstractRemoteTestNG.run(AbstractRemoteTestNG.java:115)
at org.testng.remote.RemoteTestNG.initAndRun(RemoteTestNG.java:251)
at org.testng.remote.RemoteTestNG.main(RemoteTestNG.java:77)
]]>
            </full-stacktrace>
          </exception> <!-- org.openqa.selenium.NoSuchElementException -->
          <reporter-output>
          </reporter-output>
        </test-method> <!-- RegistrationBookingForMyself -->
        <test-method status="PASS" signature="afterMethod(org.testng.ITestResult)[pri:0, instance:tests.RegistrationTest@57c758ac]" name="afterMethod" is-config="true" duration-ms="3768" started-at="2020-11-30T02:17:49 CET" finished-at="2020-11-30T02:17:53 CET">
          <params>
            <param index="0">
              <value>
                <![CDATA[[TestResult name=RegistrationBookingForMyself status=FAILURE method=RegistrationTest.RegistrationBookingForMyself()[pri:4, instance:tests.RegistrationTest@57c758ac] output={null}]]]>
              </value>
            </param>
          </params>
          <reporter-output>
          </reporter-output>
        </test-method> <!-- afterMethod -->
        <test-method status="PASS" signature="RegistrationBookingForSomeoneElse()[pri:5, instance:tests.RegistrationTest@57c758ac]" name="RegistrationBookingForSomeoneElse" duration-ms="23850" started-at="2020-11-30T02:17:53 CET" description="Register Someone Else" finished-at="2020-11-30T02:18:17 CET">
          <reporter-output>
          </reporter-output>
        </test-method> <!-- RegistrationBookingForSomeoneElse -->
        <test-method status="PASS" signature="afterMethod(org.testng.ITestResult)[pri:0, instance:tests.RegistrationTest@57c758ac]" name="afterMethod" is-config="true" duration-ms="2473" started-at="2020-11-30T02:18:17 CET" finished-at="2020-11-30T02:18:19 CET">
          <params>
            <param index="0">
              <value>
                <![CDATA[[TestResult name=RegistrationBookingForSomeoneElse status=SUCCESS method=RegistrationTest.RegistrationBookingForSomeoneElse()[pri:5, instance:tests.RegistrationTest@57c758ac] output={null}]]]>
              </value>
            </param>
          </params>
          <reporter-output>
          </reporter-output>
        </test-method> <!-- afterMethod -->
        <test-method status="FAIL" signature="RegistrationBookingForBoth()[pri:6, instance:tests.RegistrationTest@57c758ac]" name="RegistrationBookingForBoth" duration-ms="42356" started-at="2020-11-30T02:18:19 CET" description="Register Both" finished-at="2020-11-30T02:19:01 CET">
          <exception class="org.openqa.selenium.NoSuchElementException">
            <message>
              <![CDATA[no such element: Unable to locate element: {"method":"xpath","selector":"/html/body/app-root/bnm-patient-register/bnm-layout/div/main/bnm-paper/form/bnm-booking-someone/div/div[1]/label/bnm-select/select"}
  (Session info: chrome=87.0.4280.66)
For documentation on this error, please visit: https://www.seleniumhq.org/exceptions/no_such_element.html
Build info: version: '3.141.59', revision: 'e82be7d358', time: '2018-11-14T08:25:48'
System info: host: 'DESKTOP-INGR77R', ip: '192.168.0.103', os.name: 'Windows 10', os.arch: 'amd64', os.version: '10.0', java.version: '1.8.0_261'
Driver info: org.openqa.selenium.chrome.ChromeDriver
Capabilities {acceptInsecureCerts: false, browserName: chrome, browserVersion: 87.0.4280.66, chrome: {chromedriverVersion: 87.0.4280.20 (c99e81631faa0..., userDataDir: C:\Users\jovan\AppData\Loca...}, goog:chromeOptions: {debuggerAddress: localhost:64815}, javascriptEnabled: true, networkConnectionEnabled: false, pageLoadStrategy: normal, platform: WINDOWS, platformName: WINDOWS, proxy: Proxy(), setWindowRect: true, strictFileInteractability: false, timeouts: {implicit: 0, pageLoad: 300000, script: 30000}, unhandledPromptBehavior: dismiss and notify, webauthn:virtualAuthenticators: true}
Session ID: a36f464129c46c7c8cdea3d630348cd7
*** Element info: {Using=xpath, value=/html/body/app-root/bnm-patient-register/bnm-layout/div/main/bnm-paper/form/bnm-booking-someone/div/div[1]/label/bnm-select/select}]]>
            </message>
            <full-stacktrace>
              <![CDATA[org.openqa.selenium.NoSuchElementException: no such element: Unable to locate element: {"method":"xpath","selector":"/html/body/app-root/bnm-patient-register/bnm-layout/div/main/bnm-paper/form/bnm-booking-someone/div/div[1]/label/bnm-select/select"}
  (Session info: chrome=87.0.4280.66)
For documentation on this error, please visit: https://www.seleniumhq.org/exceptions/no_such_element.html
Build info: version: '3.141.59', revision: 'e82be7d358', time: '2018-11-14T08:25:48'
System info: host: 'DESKTOP-INGR77R', ip: '192.168.0.103', os.name: 'Windows 10', os.arch: 'amd64', os.version: '10.0', java.version: '1.8.0_261'
Driver info: org.openqa.selenium.chrome.ChromeDriver
Capabilities {acceptInsecureCerts: false, browserName: chrome, browserVersion: 87.0.4280.66, chrome: {chromedriverVersion: 87.0.4280.20 (c99e81631faa0..., userDataDir: C:\Users\jovan\AppData\Loca...}, goog:chromeOptions: {debuggerAddress: localhost:64815}, javascriptEnabled: true, networkConnectionEnabled: false, pageLoadStrategy: normal, platform: WINDOWS, platformName: WINDOWS, proxy: Proxy(), setWindowRect: true, strictFileInteractability: false, timeouts: {implicit: 0, pageLoad: 300000, script: 30000}, unhandledPromptBehavior: dismiss and notify, webauthn:virtualAuthenticators: true}
Session ID: a36f464129c46c7c8cdea3d630348cd7
*** Element info: {Using=xpath, value=/html/body/app-root/bnm-patient-register/bnm-layout/div/main/bnm-paper/form/bnm-booking-someone/div/div[1]/label/bnm-select/select}
at sun.reflect.NativeConstructorAccessorImpl.newInstance0(Native Method)
at sun.reflect.NativeConstructorAccessorImpl.newInstance(Unknown Source)
at sun.reflect.DelegatingConstructorAccessorImpl.newInstance(Unknown Source)
at java.lang.reflect.Constructor.newInstance(Unknown Source)
at org.openqa.selenium.remote.http.W3CHttpResponseCodec.createException(W3CHttpResponseCodec.java:187)
at org.openqa.selenium.remote.http.W3CHttpResponseCodec.decode(W3CHttpResponseCodec.java:122)
at org.openqa.selenium.remote.http.W3CHttpResponseCodec.decode(W3CHttpResponseCodec.java:49)
at org.openqa.selenium.remote.HttpCommandExecutor.execute(HttpCommandExecutor.java:158)
at org.openqa.selenium.remote.service.DriverCommandExecutor.execute(DriverCommandExecutor.java:83)
at org.openqa.selenium.remote.RemoteWebDriver.execute(RemoteWebDriver.java:552)
at org.openqa.selenium.remote.RemoteWebDriver.findElement(RemoteWebDriver.java:323)
at org.openqa.selenium.remote.RemoteWebDriver.findElementByXPath(RemoteWebDriver.java:428)
at org.openqa.selenium.By$ByXPath.findElement(By.java:353)
at org.openqa.selenium.remote.RemoteWebDriver.findElement(RemoteWebDriver.java:315)
at pages.RegistrationPage.getPatientTitle(RegistrationPage.java:25)
at pages.RegistrationPage.bookingForSomeoneElse(RegistrationPage.java:304)
at pages.RegistrationPage.bookingForBoth(RegistrationPage.java:377)
at tests.RegistrationTest.RegistrationBookingForBoth(RegistrationTest.java:163)
at sun.reflect.NativeMethodAccessorImpl.invoke0(Native Method)
at sun.reflect.NativeMethodAccessorImpl.invoke(Unknown Source)
at sun.reflect.DelegatingMethodAccessorImpl.invoke(Unknown Source)
at java.lang.reflect.Method.invoke(Unknown Source)
at org.testng.internal.MethodInvocationHelper.invokeMethod(MethodInvocationHelper.java:132)
at org.testng.internal.TestInvoker.invokeMethod(TestInvoker.java:599)
at org.testng.internal.TestInvoker.invokeTestMethod(TestInvoker.java:174)
at org.testng.internal.MethodRunner.runInSequence(MethodRunner.java:46)
at org.testng.internal.TestInvoker$MethodInvocationAgent.invoke(TestInvoker.java:822)
at org.testng.internal.TestInvoker.invokeTestMethods(TestInvoker.java:147)
at org.testng.internal.TestMethodWorker.invokeTestMethods(TestMethodWorker.java:146)
at org.testng.internal.TestMethodWorker.run(TestMethodWorker.java:128)
at java.util.ArrayList.forEach(Unknown Source)
at org.testng.TestRunner.privateRun(TestRunner.java:764)
at org.testng.TestRunner.run(TestRunner.java:585)
at org.testng.SuiteRunner.runTest(SuiteRunner.java:384)
at org.testng.SuiteRunner.runSequentially(SuiteRunner.java:378)
at org.testng.SuiteRunner.privateRun(SuiteRunner.java:337)
at org.testng.SuiteRunner.run(SuiteRunner.java:286)
at org.testng.SuiteRunnerWorker.runSuite(SuiteRunnerWorker.java:53)
at org.testng.SuiteRunnerWorker.run(SuiteRunnerWorker.java:96)
at org.testng.TestNG.runSuitesSequentially(TestNG.java:1218)
at org.testng.TestNG.runSuitesLocally(TestNG.java:1140)
at org.testng.TestNG.runSuites(TestNG.java:1069)
at org.testng.TestNG.run(TestNG.java:1037)
at org.testng.remote.AbstractRemoteTestNG.run(AbstractRemoteTestNG.java:115)
at org.testng.remote.RemoteTestNG.initAndRun(RemoteTestNG.java:251)
at org.testng.remote.RemoteTestNG.main(RemoteTestNG.java:77)
]]>
            </full-stacktrace>
          </exception> <!-- org.openqa.selenium.NoSuchElementException -->
          <reporter-output>
          </reporter-output>
        </test-method> <!-- RegistrationBookingForBoth -->
        <test-method status="PASS" signature="afterMethod(org.testng.ITestResult)[pri:0, instance:tests.RegistrationTest@57c758ac]" name="afterMethod" is-config="true" duration-ms="2410" started-at="2020-11-30T02:19:01 CET" finished-at="2020-11-30T02:19:04 CET">
          <params>
            <param index="0">
              <value>
                <![CDATA[[TestResult name=RegistrationBookingForBoth status=FAILURE method=RegistrationTest.RegistrationBookingForBoth()[pri:6, instance:tests.RegistrationTest@57c758ac] output={null}]]]>
              </value>
            </param>
          </params>
          <reporter-output>
          </reporter-output>
        </test-method> <!-- afterMethod -->
        <test-method status="PASS" signature="afterClass()[pri:0, instance:tests.RegistrationTest@57c758ac]" name="afterClass" is-config="true" duration-ms="1825" started-at="2020-11-30T02:19:04 CET" finished-at="2020-11-30T02:19:06 CET">
          <reporter-output>
          </reporter-output>
        </test-method> <!-- afterClass -->
      </class> <!-- tests.RegistrationTest -->
    </test> <!-- Chrome regression test -->
  </suite> <!-- CMS TESTS -->
</testng-results>
